2022-01-10 16:32:05,288:INFO:PyCaret Supervised Module
2022-01-10 16:32:05,289:INFO:ML Usecase: regression
2022-01-10 16:32:05,289:INFO:version 2.3.3
2022-01-10 16:32:05,289:INFO:Initializing setup()
2022-01-10 16:32:05,289:INFO:setup(target=Lmt, ml_usecase=regression, available_plots={'parameter': 'Hyperparameters', 'residuals': 'Residuals', 'error': 'Prediction Error', 'cooks': 'Cooks Distance', 'rfe': 'Feature Selection', 'learning': 'Learning Curve', 'manifold': 'Manifold Learning', 'vc': 'Validation Curve', 'feature': 'Feature Importance', 'feature_all': 'Feature Importance (All)', 'tree': 'Decision Tree', 'residuals_interactive': 'Interactive Residuals'}, train_size=0.7, test_data=None, preprocess=True, imputation_type=simple, iterative_imputation_iters=5, categorical_features=None, categorical_imputation=constant, categorical_iterative_imputer=lightgbm, ordinal_features=None, high_cardinality_features=None, high_cardinality_method=frequency, numeric_features=None, numeric_imputation=mean, numeric_iterative_imputer=lightgbm, date_features=None, ignore_features=None, normalize=False, normalize_method=zscore, transformation=False, transformation_method=yeo-johnson, handle_unknown_categorical=True, unknown_categorical_method=least_frequent, pca=False, pca_method=linear, pca_components=None, ignore_low_variance=False, combine_rare_levels=False, rare_level_threshold=0.1, bin_numeric_features=None, remove_outliers=False, outliers_threshold=0.05, remove_multicollinearity=False, multicollinearity_threshold=0.9, remove_perfect_collinearity=False, create_clusters=False, cluster_iter=20, polynomial_features=False, polynomial_degree=2, trigonometry_features=False, polynomial_threshold=0.1, group_features=None, group_names=None, feature_selection=False, feature_selection_threshold=0.8, feature_selection_method=classic, feature_interaction=False, feature_ratio=False, interaction_threshold=0.01, fix_imbalance=False, fix_imbalance_method=None, transform_target=False, transform_target_method=box-cox, data_split_shuffle=True, data_split_stratify=False, fold_strategy=kfold, fold=10, fold_shuffle=False, fold_groups=None, n_jobs=-1, use_gpu=False, custom_pipeline=None, html=True, session_id=123, log_experiment=False, experiment_name=None, log_plots=False, log_profile=False, log_data=False, silent=True, verbose=True, profile=False, profile_kwargs=None, display=None)
2022-01-10 16:32:05,289:INFO:Checking environment
2022-01-10 16:32:05,289:INFO:python_version: 3.8.8
2022-01-10 16:32:05,289:INFO:python_build: ('default', 'Apr 13 2021 15:08:03')
2022-01-10 16:32:05,289:INFO:machine: AMD64
2022-01-10 16:32:05,289:INFO:platform: Windows-10-10.0.19041-SP0
2022-01-10 16:32:05,290:WARNING:cannot find psutil installation. memory not traceable. Install psutil using pip to enable memory logging.
2022-01-10 16:32:05,290:INFO:Checking libraries
2022-01-10 16:32:05,291:INFO:pd==1.3.1
2022-01-10 16:32:05,291:INFO:numpy==1.20.3
2022-01-10 16:32:05,291:INFO:sklearn==0.23.2
2022-01-10 16:32:05,291:INFO:lightgbm==3.2.1
2022-01-10 16:32:05,292:WARNING:catboost not found
2022-01-10 16:32:05,293:WARNING:xgboost not found
2022-01-10 16:32:05,707:INFO:mlflow==1.19.0
2022-01-10 16:32:05,707:INFO:Checking Exceptions
2022-01-10 16:32:05,707:INFO:Declaring global variables
2022-01-10 16:32:05,707:INFO:USI: 4a75
2022-01-10 16:32:05,707:INFO:pycaret_globals: {'_all_metrics', 'transform_target_param', 'pycaret_globals', 'X', 'display_container', 'exp_name_log', 'fix_imbalance_method_param', 'y', 'imputation_regressor', 'fix_imbalance_param', 'log_plots_param', 'html_param', 'fold_groups_param_full', 'seed', '_all_models_internal', 'y_test', 'data_before_preprocess', 'stratify_param', '_gpu_n_jobs_param', 'create_model_container', '_internal_pipeline', 'master_model_container', 'transform_target_method_param', 'X_test', 'fold_param', '_available_plots', 'logging_param', 'y_train', 'experiment__', 'X_train', 'fold_generator', 'prep_pipe', '_ml_usecase', '_all_models', 'imputation_classifier', 'USI', 'fold_groups_param', 'n_jobs_param', 'gpu_param', 'target_param', 'fold_shuffle_param', 'iterative_imputation_iters_param'}
2022-01-10 16:32:05,707:INFO:Preparing display monitor
2022-01-10 16:32:05,707:INFO:Preparing display monitor
2022-01-10 16:32:05,715:INFO:Importing libraries
2022-01-10 16:32:05,715:INFO:Copying data for preprocessing
2022-01-10 16:32:05,727:INFO:Declaring preprocessing parameters
2022-01-10 16:32:05,743:INFO:Creating preprocessing pipeline
2022-01-10 16:32:05,954:INFO:Preprocessing pipeline created successfully
2022-01-10 16:32:05,954:ERROR:(Process Exit): setup has been interupted with user command 'quit'. setup must rerun.
2022-01-10 16:32:05,954:INFO:Creating global containers
2022-01-10 16:32:05,955:INFO:Internal pipeline: Pipeline(memory=None, steps=[('empty_step', 'passthrough')], verbose=False)
2022-01-10 16:33:34,627:INFO:PyCaret Supervised Module
2022-01-10 16:33:34,627:INFO:ML Usecase: regression
2022-01-10 16:33:34,627:INFO:version 2.3.3
2022-01-10 16:33:34,627:INFO:Initializing setup()
2022-01-10 16:33:34,627:INFO:setup(target=Lmt, ml_usecase=regression, available_plots={'parameter': 'Hyperparameters', 'residuals': 'Residuals', 'error': 'Prediction Error', 'cooks': 'Cooks Distance', 'rfe': 'Feature Selection', 'learning': 'Learning Curve', 'manifold': 'Manifold Learning', 'vc': 'Validation Curve', 'feature': 'Feature Importance', 'feature_all': 'Feature Importance (All)', 'tree': 'Decision Tree', 'residuals_interactive': 'Interactive Residuals'}, train_size=0.7, test_data=None, preprocess=True, imputation_type=simple, iterative_imputation_iters=5, categorical_features=None, categorical_imputation=constant, categorical_iterative_imputer=lightgbm, ordinal_features=None, high_cardinality_features=None, high_cardinality_method=frequency, numeric_features=None, numeric_imputation=mean, numeric_iterative_imputer=lightgbm, date_features=None, ignore_features=None, normalize=False, normalize_method=zscore, transformation=False, transformation_method=yeo-johnson, handle_unknown_categorical=True, unknown_categorical_method=least_frequent, pca=False, pca_method=linear, pca_components=None, ignore_low_variance=False, combine_rare_levels=False, rare_level_threshold=0.1, bin_numeric_features=None, remove_outliers=False, outliers_threshold=0.05, remove_multicollinearity=False, multicollinearity_threshold=0.9, remove_perfect_collinearity=False, create_clusters=False, cluster_iter=20, polynomial_features=False, polynomial_degree=2, trigonometry_features=False, polynomial_threshold=0.1, group_features=None, group_names=None, feature_selection=False, feature_selection_threshold=0.8, feature_selection_method=classic, feature_interaction=False, feature_ratio=False, interaction_threshold=0.01, fix_imbalance=False, fix_imbalance_method=None, transform_target=False, transform_target_method=box-cox, data_split_shuffle=True, data_split_stratify=False, fold_strategy=kfold, fold=10, fold_shuffle=False, fold_groups=None, n_jobs=-1, use_gpu=False, custom_pipeline=None, html=True, session_id=123, log_experiment=False, experiment_name=None, log_plots=False, log_profile=False, log_data=False, silent=True, verbose=True, profile=False, profile_kwargs=None, display=None)
2022-01-10 16:33:34,627:INFO:Checking environment
2022-01-10 16:33:34,627:INFO:python_version: 3.8.8
2022-01-10 16:33:34,627:INFO:python_build: ('default', 'Apr 13 2021 15:08:03')
2022-01-10 16:33:34,627:INFO:machine: AMD64
2022-01-10 16:33:34,627:INFO:platform: Windows-10-10.0.19041-SP0
2022-01-10 16:33:34,628:WARNING:cannot find psutil installation. memory not traceable. Install psutil using pip to enable memory logging.
2022-01-10 16:33:34,628:INFO:Checking libraries
2022-01-10 16:33:34,628:INFO:pd==1.3.1
2022-01-10 16:33:34,629:INFO:numpy==1.20.3
2022-01-10 16:33:34,629:INFO:sklearn==0.23.2
2022-01-10 16:33:34,629:INFO:lightgbm==3.2.1
2022-01-10 16:33:34,630:WARNING:catboost not found
2022-01-10 16:33:34,630:WARNING:xgboost not found
2022-01-10 16:33:35,063:INFO:mlflow==1.19.0
2022-01-10 16:33:35,063:INFO:Checking Exceptions
2022-01-10 16:33:35,063:INFO:Declaring global variables
2022-01-10 16:33:35,063:INFO:USI: 85b3
2022-01-10 16:33:35,063:INFO:pycaret_globals: {'pycaret_globals', 'transform_target_method_param', 'seed', '_internal_pipeline', 'X_train', '_all_models_internal', '_ml_usecase', 'experiment__', 'fold_generator', 'prep_pipe', 'fold_param', 'y_train', 'X_test', 'display_container', 'log_plots_param', 'html_param', 'fold_shuffle_param', '_gpu_n_jobs_param', 'fold_groups_param_full', 'iterative_imputation_iters_param', 'fix_imbalance_param', 'gpu_param', 'n_jobs_param', 'imputation_classifier', 'transform_target_param', 'stratify_param', 'X', 'target_param', '_available_plots', 'create_model_container', 'exp_name_log', 'USI', 'imputation_regressor', 'y', 'master_model_container', 'fix_imbalance_method_param', '_all_models', 'fold_groups_param', 'logging_param', 'y_test', '_all_metrics', 'data_before_preprocess'}
2022-01-10 16:33:35,063:INFO:Preparing display monitor
2022-01-10 16:33:35,063:INFO:Preparing display monitor
2022-01-10 16:33:35,072:INFO:Importing libraries
2022-01-10 16:33:35,072:INFO:Copying data for preprocessing
2022-01-10 16:33:35,083:INFO:Declaring preprocessing parameters
2022-01-10 16:33:35,097:INFO:Creating preprocessing pipeline
2022-01-10 16:33:35,306:INFO:Preprocessing pipeline created successfully
2022-01-10 16:33:35,307:ERROR:(Process Exit): setup has been interupted with user command 'quit'. setup must rerun.
2022-01-10 16:33:35,307:INFO:Creating global containers
2022-01-10 16:33:35,308:INFO:Internal pipeline: Pipeline(memory=None, steps=[('empty_step', 'passthrough')], verbose=False)
2022-01-10 16:37:28,421:INFO:PyCaret Supervised Module
2022-01-10 16:37:28,422:INFO:ML Usecase: regression
2022-01-10 16:37:28,422:INFO:version 2.3.3
2022-01-10 16:37:28,422:INFO:Initializing setup()
2022-01-10 16:37:28,422:INFO:setup(target=Lmt, ml_usecase=regression, available_plots={'parameter': 'Hyperparameters', 'residuals': 'Residuals', 'error': 'Prediction Error', 'cooks': 'Cooks Distance', 'rfe': 'Feature Selection', 'learning': 'Learning Curve', 'manifold': 'Manifold Learning', 'vc': 'Validation Curve', 'feature': 'Feature Importance', 'feature_all': 'Feature Importance (All)', 'tree': 'Decision Tree', 'residuals_interactive': 'Interactive Residuals'}, train_size=0.7, test_data=None, preprocess=True, imputation_type=simple, iterative_imputation_iters=5, categorical_features=None, categorical_imputation=constant, categorical_iterative_imputer=lightgbm, ordinal_features=None, high_cardinality_features=None, high_cardinality_method=frequency, numeric_features=None, numeric_imputation=mean, numeric_iterative_imputer=lightgbm, date_features=None, ignore_features=None, normalize=False, normalize_method=zscore, transformation=False, transformation_method=yeo-johnson, handle_unknown_categorical=True, unknown_categorical_method=least_frequent, pca=False, pca_method=linear, pca_components=None, ignore_low_variance=False, combine_rare_levels=False, rare_level_threshold=0.1, bin_numeric_features=None, remove_outliers=False, outliers_threshold=0.05, remove_multicollinearity=False, multicollinearity_threshold=0.9, remove_perfect_collinearity=False, create_clusters=False, cluster_iter=20, polynomial_features=False, polynomial_degree=2, trigonometry_features=False, polynomial_threshold=0.1, group_features=None, group_names=None, feature_selection=False, feature_selection_threshold=0.8, feature_selection_method=classic, feature_interaction=False, feature_ratio=False, interaction_threshold=0.01, fix_imbalance=False, fix_imbalance_method=None, transform_target=False, transform_target_method=box-cox, data_split_shuffle=True, data_split_stratify=False, fold_strategy=kfold, fold=10, fold_shuffle=False, fold_groups=None, n_jobs=-1, use_gpu=False, custom_pipeline=None, html=True, session_id=123, log_experiment=False, experiment_name=None, log_plots=False, log_profile=False, log_data=False, silent=True, verbose=True, profile=False, profile_kwargs=None, display=None)
2022-01-10 16:37:28,422:INFO:Checking environment
2022-01-10 16:37:28,422:INFO:python_version: 3.8.8
2022-01-10 16:37:28,422:INFO:python_build: ('default', 'Apr 13 2021 15:08:03')
2022-01-10 16:37:28,423:INFO:machine: AMD64
2022-01-10 16:37:28,423:INFO:platform: Windows-10-10.0.19041-SP0
2022-01-10 16:37:28,424:WARNING:cannot find psutil installation. memory not traceable. Install psutil using pip to enable memory logging.
2022-01-10 16:37:28,424:INFO:Checking libraries
2022-01-10 16:37:28,424:INFO:pd==1.3.1
2022-01-10 16:37:28,424:INFO:numpy==1.20.3
2022-01-10 16:37:28,424:INFO:sklearn==0.23.2
2022-01-10 16:37:28,424:INFO:lightgbm==3.2.1
2022-01-10 16:37:28,425:WARNING:catboost not found
2022-01-10 16:37:28,426:WARNING:xgboost not found
2022-01-10 16:37:28,805:INFO:mlflow==1.19.0
2022-01-10 16:37:28,805:INFO:Checking Exceptions
2022-01-10 16:37:28,805:INFO:Declaring global variables
2022-01-10 16:37:28,805:INFO:USI: 732a
2022-01-10 16:37:28,805:INFO:pycaret_globals: {'iterative_imputation_iters_param', 'n_jobs_param', 'imputation_regressor', 'html_param', 'fold_generator', '_all_models', 'y', 'seed', 'X_train', '_available_plots', 'logging_param', 'prep_pipe', 'transform_target_param', 'master_model_container', 'exp_name_log', '_all_models_internal', '_internal_pipeline', 'X', '_gpu_n_jobs_param', 'X_test', 'fold_groups_param', 'stratify_param', 'display_container', '_ml_usecase', 'create_model_container', 'pycaret_globals', 'imputation_classifier', '_all_metrics', 'fold_shuffle_param', 'log_plots_param', 'gpu_param', 'y_test', 'fold_param', 'USI', 'fold_groups_param_full', 'target_param', 'fix_imbalance_method_param', 'transform_target_method_param', 'fix_imbalance_param', 'experiment__', 'y_train', 'data_before_preprocess'}
2022-01-10 16:37:28,805:INFO:Preparing display monitor
2022-01-10 16:37:28,805:INFO:Preparing display monitor
2022-01-10 16:37:28,812:INFO:Importing libraries
2022-01-10 16:37:28,812:INFO:Copying data for preprocessing
2022-01-10 16:37:28,818:INFO:Declaring preprocessing parameters
2022-01-10 16:37:28,822:INFO:Creating preprocessing pipeline
2022-01-10 16:37:28,916:INFO:Preprocessing pipeline created successfully
2022-01-10 16:37:28,916:ERROR:(Process Exit): setup has been interupted with user command 'quit'. setup must rerun.
2022-01-10 16:37:28,916:INFO:Creating global containers
2022-01-10 16:37:28,917:INFO:Internal pipeline: Pipeline(memory=None, steps=[('empty_step', 'passthrough')], verbose=False)
2022-01-10 16:37:30,443:WARNING:Couldn't import xgboost.XGBRegressor
2022-01-10 16:37:30,444:WARNING:Couldn't import catboost.CatBoostRegressor
2022-01-10 16:37:30,515:WARNING:Couldn't import xgboost.XGBRegressor
2022-01-10 16:37:30,516:WARNING:Couldn't import catboost.CatBoostRegressor
2022-01-10 16:37:30,516:INFO:Creating grid variables
2022-01-10 16:37:30,525:INFO:create_model_container: 0
2022-01-10 16:37:30,526:INFO:master_model_container: 0
2022-01-10 16:37:30,526:INFO:display_container: 1
2022-01-10 16:37:30,529:INFO:Pipeline(memory=None,
         steps=[('dtypes',
                 DataTypes_Auto_infer(categorical_features=[],
                                      display_types=False, features_todrop=[],
                                      id_columns=[], ml_usecase='regression',
                                      numerical_features=[], target='Lmt',
                                      time_features=[])),
                ('imputer',
                 Simple_Imputer(categorical_strategy='not_available',
                                fill_value_categorical=None,
                                fill_value_numerical=None,
                                numeric_strategy='m...
                ('scaling', 'passthrough'), ('P_transform', 'passthrough'),
                ('binn', 'passthrough'), ('rem_outliers', 'passthrough'),
                ('cluster_all', 'passthrough'),
                ('dummy', Dummify(target='Lmt')),
                ('fix_perfect', 'passthrough'),
                ('clean_names', Clean_Colum_Names()),
                ('feature_select', 'passthrough'), ('fix_multi', 'passthrough'),
                ('dfs', 'passthrough'), ('pca', 'passthrough')],
         verbose=False)
2022-01-10 16:37:30,529:INFO:setup() succesfully completed......................................
2022-01-10 16:37:30,585:INFO:Initializing create_model()
2022-01-10 16:37:30,585:INFO:create_model(estimator=lightgbm, fold=None, round=4, cross_validation=True, predict=True, fit_kwargs=None, groups=None, refit=True, verbose=True, system=True, metrics=None, display=None, kwargs={})
2022-01-10 16:37:30,585:INFO:Checking exceptions
2022-01-10 16:37:30,585:INFO:Preparing display monitor
2022-01-10 16:37:30,594:INFO:Importing libraries
2022-01-10 16:37:30,594:INFO:Copying training dataset
2022-01-10 16:37:30,598:INFO:Defining folds
2022-01-10 16:37:30,598:INFO:Declaring metric variables
2022-01-10 16:37:30,602:INFO:Importing untrained model
2022-01-10 16:37:30,606:INFO:Light Gradient Boosting Machine Imported succesfully
2022-01-10 16:37:30,614:INFO:Starting cross validation
2022-01-10 16:37:30,619:INFO:Cross validating with KFold(n_splits=10, random_state=None, shuffle=False), n_jobs=-1
2022-01-10 16:37:34,762:INFO:Calculating mean and std
2022-01-10 16:37:34,763:INFO:Creating metrics dataframe
2022-01-10 16:37:34,769:INFO:Finalizing model
2022-01-10 16:37:35,031:INFO:Uploading results into container
2022-01-10 16:37:35,031:INFO:Uploading model into container now
2022-01-10 16:37:35,044:INFO:create_model_container: 1
2022-01-10 16:37:35,044:INFO:master_model_container: 1
2022-01-10 16:37:35,044:INFO:display_container: 2
2022-01-10 16:37:35,045:INFO:LGBMRegressor(boosting_type='gbdt', class_weight=None, colsample_bytree=1.0,
              importance_type='split', learning_rate=0.1, max_depth=-1,
              min_child_samples=20, min_child_weight=0.001, min_split_gain=0.0,
              n_estimators=100, n_jobs=-1, num_leaves=31, objective=None,
              random_state=123, reg_alpha=0.0, reg_lambda=0.0, silent=True,
              subsample=1.0, subsample_for_bin=200000, subsample_freq=0)
2022-01-10 16:37:35,045:INFO:create_model() succesfully completed......................................
2022-01-10 16:37:53,563:INFO:PyCaret Supervised Module
2022-01-10 16:37:53,563:INFO:ML Usecase: regression
2022-01-10 16:37:53,563:INFO:version 2.3.3
2022-01-10 16:37:53,563:INFO:Initializing setup()
2022-01-10 16:37:53,563:INFO:setup(target=Lmt, ml_usecase=regression, available_plots={'parameter': 'Hyperparameters', 'residuals': 'Residuals', 'error': 'Prediction Error', 'cooks': 'Cooks Distance', 'rfe': 'Feature Selection', 'learning': 'Learning Curve', 'manifold': 'Manifold Learning', 'vc': 'Validation Curve', 'feature': 'Feature Importance', 'feature_all': 'Feature Importance (All)', 'tree': 'Decision Tree', 'residuals_interactive': 'Interactive Residuals'}, train_size=0.7, test_data=None, preprocess=True, imputation_type=simple, iterative_imputation_iters=5, categorical_features=None, categorical_imputation=constant, categorical_iterative_imputer=lightgbm, ordinal_features=None, high_cardinality_features=None, high_cardinality_method=frequency, numeric_features=None, numeric_imputation=mean, numeric_iterative_imputer=lightgbm, date_features=None, ignore_features=None, normalize=False, normalize_method=zscore, transformation=False, transformation_method=yeo-johnson, handle_unknown_categorical=True, unknown_categorical_method=least_frequent, pca=False, pca_method=linear, pca_components=None, ignore_low_variance=False, combine_rare_levels=False, rare_level_threshold=0.1, bin_numeric_features=None, remove_outliers=False, outliers_threshold=0.05, remove_multicollinearity=False, multicollinearity_threshold=0.9, remove_perfect_collinearity=False, create_clusters=False, cluster_iter=20, polynomial_features=False, polynomial_degree=2, trigonometry_features=False, polynomial_threshold=0.1, group_features=None, group_names=None, feature_selection=False, feature_selection_threshold=0.8, feature_selection_method=classic, feature_interaction=False, feature_ratio=False, interaction_threshold=0.01, fix_imbalance=False, fix_imbalance_method=None, transform_target=False, transform_target_method=box-cox, data_split_shuffle=True, data_split_stratify=False, fold_strategy=kfold, fold=10, fold_shuffle=False, fold_groups=None, n_jobs=-1, use_gpu=False, custom_pipeline=None, html=True, session_id=123, log_experiment=False, experiment_name=None, log_plots=False, log_profile=False, log_data=False, silent=True, verbose=True, profile=False, profile_kwargs=None, display=None)
2022-01-10 16:37:53,564:INFO:Checking environment
2022-01-10 16:37:53,564:INFO:python_version: 3.8.8
2022-01-10 16:37:53,564:INFO:python_build: ('default', 'Apr 13 2021 15:08:03')
2022-01-10 16:37:53,564:INFO:machine: AMD64
2022-01-10 16:37:53,564:INFO:platform: Windows-10-10.0.19041-SP0
2022-01-10 16:37:53,565:WARNING:cannot find psutil installation. memory not traceable. Install psutil using pip to enable memory logging.
2022-01-10 16:37:53,565:INFO:Checking libraries
2022-01-10 16:37:53,565:INFO:pd==1.3.1
2022-01-10 16:37:53,565:INFO:numpy==1.20.3
2022-01-10 16:37:53,565:INFO:sklearn==0.23.2
2022-01-10 16:37:53,565:INFO:lightgbm==3.2.1
2022-01-10 16:37:53,566:WARNING:catboost not found
2022-01-10 16:37:53,567:WARNING:xgboost not found
2022-01-10 16:37:53,567:INFO:mlflow==1.19.0
2022-01-10 16:37:53,567:INFO:Checking Exceptions
2022-01-10 16:37:53,567:INFO:Declaring global variables
2022-01-10 16:37:53,567:INFO:USI: 6847
2022-01-10 16:37:53,567:INFO:pycaret_globals: {'iterative_imputation_iters_param', 'n_jobs_param', 'imputation_regressor', 'html_param', 'fold_generator', '_all_models', 'y', 'seed', 'X_train', '_available_plots', 'logging_param', 'prep_pipe', 'transform_target_param', 'master_model_container', 'exp_name_log', '_all_models_internal', '_internal_pipeline', 'X', '_gpu_n_jobs_param', 'X_test', 'fold_groups_param', 'stratify_param', 'display_container', '_ml_usecase', 'create_model_container', 'pycaret_globals', 'imputation_classifier', '_all_metrics', 'fold_shuffle_param', 'log_plots_param', 'gpu_param', 'y_test', 'fold_param', 'USI', 'fold_groups_param_full', 'target_param', 'fix_imbalance_method_param', 'transform_target_method_param', 'fix_imbalance_param', 'experiment__', 'y_train', 'data_before_preprocess'}
2022-01-10 16:37:53,567:INFO:Preparing display monitor
2022-01-10 16:37:53,567:INFO:Preparing display monitor
2022-01-10 16:37:53,574:INFO:Importing libraries
2022-01-10 16:37:53,574:INFO:Copying data for preprocessing
2022-01-10 16:37:53,580:INFO:Declaring preprocessing parameters
2022-01-10 16:37:53,584:INFO:Creating preprocessing pipeline
2022-01-10 16:37:53,676:INFO:Preprocessing pipeline created successfully
2022-01-10 16:37:53,676:ERROR:(Process Exit): setup has been interupted with user command 'quit'. setup must rerun.
2022-01-10 16:37:53,676:INFO:Creating global containers
2022-01-10 16:37:53,676:INFO:Internal pipeline: Pipeline(memory=None, steps=[('empty_step', 'passthrough')], verbose=False)
2022-01-10 16:37:55,196:WARNING:Couldn't import xgboost.XGBRegressor
2022-01-10 16:37:55,197:WARNING:Couldn't import catboost.CatBoostRegressor
2022-01-10 16:37:55,268:WARNING:Couldn't import xgboost.XGBRegressor
2022-01-10 16:37:55,269:WARNING:Couldn't import catboost.CatBoostRegressor
2022-01-10 16:37:55,269:INFO:Creating grid variables
2022-01-10 16:37:55,277:INFO:create_model_container: 0
2022-01-10 16:37:55,277:INFO:master_model_container: 0
2022-01-10 16:37:55,277:INFO:display_container: 1
2022-01-10 16:37:55,280:INFO:Pipeline(memory=None,
         steps=[('dtypes',
                 DataTypes_Auto_infer(categorical_features=[],
                                      display_types=False, features_todrop=[],
                                      id_columns=[], ml_usecase='regression',
                                      numerical_features=[], target='Lmt',
                                      time_features=[])),
                ('imputer',
                 Simple_Imputer(categorical_strategy='not_available',
                                fill_value_categorical=None,
                                fill_value_numerical=None,
                                numeric_strategy='m...
                ('scaling', 'passthrough'), ('P_transform', 'passthrough'),
                ('binn', 'passthrough'), ('rem_outliers', 'passthrough'),
                ('cluster_all', 'passthrough'),
                ('dummy', Dummify(target='Lmt')),
                ('fix_perfect', 'passthrough'),
                ('clean_names', Clean_Colum_Names()),
                ('feature_select', 'passthrough'), ('fix_multi', 'passthrough'),
                ('dfs', 'passthrough'), ('pca', 'passthrough')],
         verbose=False)
2022-01-10 16:37:55,280:INFO:setup() succesfully completed......................................
2022-01-10 16:37:55,338:INFO:Initializing create_model()
2022-01-10 16:37:55,338:INFO:create_model(estimator=lightgbm, fold=None, round=4, cross_validation=True, predict=True, fit_kwargs=None, groups=None, refit=True, verbose=True, system=True, metrics=None, display=None, kwargs={})
2022-01-10 16:37:55,338:INFO:Checking exceptions
2022-01-10 16:37:55,338:INFO:Preparing display monitor
2022-01-10 16:37:55,347:INFO:Importing libraries
2022-01-10 16:37:55,347:INFO:Copying training dataset
2022-01-10 16:37:55,350:INFO:Defining folds
2022-01-10 16:37:55,351:INFO:Declaring metric variables
2022-01-10 16:37:55,354:INFO:Importing untrained model
2022-01-10 16:37:55,358:INFO:Light Gradient Boosting Machine Imported succesfully
2022-01-10 16:37:55,365:INFO:Starting cross validation
2022-01-10 16:37:55,366:INFO:Cross validating with KFold(n_splits=10, random_state=None, shuffle=False), n_jobs=-1
2022-01-10 16:37:58,704:INFO:Calculating mean and std
2022-01-10 16:37:58,705:INFO:Creating metrics dataframe
2022-01-10 16:37:58,711:INFO:Finalizing model
2022-01-10 16:37:59,006:INFO:Uploading results into container
2022-01-10 16:37:59,007:INFO:Uploading model into container now
2022-01-10 16:37:59,015:INFO:create_model_container: 1
2022-01-10 16:37:59,015:INFO:master_model_container: 1
2022-01-10 16:37:59,016:INFO:display_container: 2
2022-01-10 16:37:59,016:INFO:LGBMRegressor(boosting_type='gbdt', class_weight=None, colsample_bytree=1.0,
              importance_type='split', learning_rate=0.1, max_depth=-1,
              min_child_samples=20, min_child_weight=0.001, min_split_gain=0.0,
              n_estimators=100, n_jobs=-1, num_leaves=31, objective=None,
              random_state=123, reg_alpha=0.0, reg_lambda=0.0, silent=True,
              subsample=1.0, subsample_for_bin=200000, subsample_freq=0)
2022-01-10 16:37:59,016:INFO:create_model() succesfully completed......................................
2022-01-10 16:37:59,108:INFO:PyCaret Supervised Module
2022-01-10 16:37:59,108:INFO:ML Usecase: regression
2022-01-10 16:37:59,108:INFO:version 2.3.3
2022-01-10 16:37:59,108:INFO:Initializing setup()
2022-01-10 16:37:59,108:INFO:setup(target=Lmt, ml_usecase=regression, available_plots={'parameter': 'Hyperparameters', 'residuals': 'Residuals', 'error': 'Prediction Error', 'cooks': 'Cooks Distance', 'rfe': 'Feature Selection', 'learning': 'Learning Curve', 'manifold': 'Manifold Learning', 'vc': 'Validation Curve', 'feature': 'Feature Importance', 'feature_all': 'Feature Importance (All)', 'tree': 'Decision Tree', 'residuals_interactive': 'Interactive Residuals'}, train_size=0.7, test_data=None, preprocess=True, imputation_type=simple, iterative_imputation_iters=5, categorical_features=None, categorical_imputation=constant, categorical_iterative_imputer=lightgbm, ordinal_features=None, high_cardinality_features=None, high_cardinality_method=frequency, numeric_features=None, numeric_imputation=mean, numeric_iterative_imputer=lightgbm, date_features=None, ignore_features=None, normalize=False, normalize_method=zscore, transformation=False, transformation_method=yeo-johnson, handle_unknown_categorical=True, unknown_categorical_method=least_frequent, pca=False, pca_method=linear, pca_components=None, ignore_low_variance=False, combine_rare_levels=False, rare_level_threshold=0.1, bin_numeric_features=None, remove_outliers=False, outliers_threshold=0.05, remove_multicollinearity=False, multicollinearity_threshold=0.9, remove_perfect_collinearity=False, create_clusters=False, cluster_iter=20, polynomial_features=False, polynomial_degree=2, trigonometry_features=False, polynomial_threshold=0.1, group_features=None, group_names=None, feature_selection=False, feature_selection_threshold=0.8, feature_selection_method=classic, feature_interaction=False, feature_ratio=False, interaction_threshold=0.01, fix_imbalance=False, fix_imbalance_method=None, transform_target=False, transform_target_method=box-cox, data_split_shuffle=True, data_split_stratify=False, fold_strategy=kfold, fold=10, fold_shuffle=False, fold_groups=None, n_jobs=-1, use_gpu=False, custom_pipeline=None, html=True, session_id=123, log_experiment=False, experiment_name=None, log_plots=False, log_profile=False, log_data=False, silent=True, verbose=True, profile=False, profile_kwargs=None, display=None)
2022-01-10 16:37:59,109:INFO:Checking environment
2022-01-10 16:37:59,109:INFO:python_version: 3.8.8
2022-01-10 16:37:59,109:INFO:python_build: ('default', 'Apr 13 2021 15:08:03')
2022-01-10 16:37:59,109:INFO:machine: AMD64
2022-01-10 16:37:59,109:INFO:platform: Windows-10-10.0.19041-SP0
2022-01-10 16:37:59,110:WARNING:cannot find psutil installation. memory not traceable. Install psutil using pip to enable memory logging.
2022-01-10 16:37:59,110:INFO:Checking libraries
2022-01-10 16:37:59,110:INFO:pd==1.3.1
2022-01-10 16:37:59,110:INFO:numpy==1.20.3
2022-01-10 16:37:59,110:INFO:sklearn==0.23.2
2022-01-10 16:37:59,110:INFO:lightgbm==3.2.1
2022-01-10 16:37:59,111:WARNING:catboost not found
2022-01-10 16:37:59,112:WARNING:xgboost not found
2022-01-10 16:37:59,112:INFO:mlflow==1.19.0
2022-01-10 16:37:59,112:INFO:Checking Exceptions
2022-01-10 16:37:59,112:INFO:Declaring global variables
2022-01-10 16:37:59,112:INFO:USI: aeac
2022-01-10 16:37:59,112:INFO:pycaret_globals: {'iterative_imputation_iters_param', 'n_jobs_param', 'imputation_regressor', 'html_param', 'fold_generator', '_all_models', 'y', 'seed', 'X_train', '_available_plots', 'logging_param', 'prep_pipe', 'transform_target_param', 'master_model_container', 'exp_name_log', '_all_models_internal', '_internal_pipeline', 'X', '_gpu_n_jobs_param', 'X_test', 'fold_groups_param', 'stratify_param', 'display_container', '_ml_usecase', 'create_model_container', 'pycaret_globals', 'imputation_classifier', '_all_metrics', 'fold_shuffle_param', 'log_plots_param', 'gpu_param', 'y_test', 'fold_param', 'USI', 'fold_groups_param_full', 'target_param', 'fix_imbalance_method_param', 'transform_target_method_param', 'fix_imbalance_param', 'experiment__', 'y_train', 'data_before_preprocess'}
2022-01-10 16:37:59,112:INFO:Preparing display monitor
2022-01-10 16:37:59,112:INFO:Preparing display monitor
2022-01-10 16:37:59,119:INFO:Importing libraries
2022-01-10 16:37:59,119:INFO:Copying data for preprocessing
2022-01-10 16:37:59,127:INFO:Declaring preprocessing parameters
2022-01-10 16:37:59,131:INFO:Creating preprocessing pipeline
2022-01-10 16:37:59,222:INFO:Preprocessing pipeline created successfully
2022-01-10 16:37:59,222:ERROR:(Process Exit): setup has been interupted with user command 'quit'. setup must rerun.
2022-01-10 16:37:59,222:INFO:Creating global containers
2022-01-10 16:37:59,223:INFO:Internal pipeline: Pipeline(memory=None, steps=[('empty_step', 'passthrough')], verbose=False)
2022-01-10 16:38:00,732:WARNING:Couldn't import xgboost.XGBRegressor
2022-01-10 16:38:00,734:WARNING:Couldn't import catboost.CatBoostRegressor
2022-01-10 16:38:00,807:WARNING:Couldn't import xgboost.XGBRegressor
2022-01-10 16:38:00,808:WARNING:Couldn't import catboost.CatBoostRegressor
2022-01-10 16:38:00,809:INFO:Creating grid variables
2022-01-10 16:38:00,817:INFO:create_model_container: 0
2022-01-10 16:38:00,817:INFO:master_model_container: 0
2022-01-10 16:38:00,817:INFO:display_container: 1
2022-01-10 16:38:00,820:INFO:Pipeline(memory=None,
         steps=[('dtypes',
                 DataTypes_Auto_infer(categorical_features=[],
                                      display_types=False, features_todrop=[],
                                      id_columns=[], ml_usecase='regression',
                                      numerical_features=[], target='Lmt',
                                      time_features=[])),
                ('imputer',
                 Simple_Imputer(categorical_strategy='not_available',
                                fill_value_categorical=None,
                                fill_value_numerical=None,
                                numeric_strategy='m...
                ('scaling', 'passthrough'), ('P_transform', 'passthrough'),
                ('binn', 'passthrough'), ('rem_outliers', 'passthrough'),
                ('cluster_all', 'passthrough'),
                ('dummy', Dummify(target='Lmt')),
                ('fix_perfect', 'passthrough'),
                ('clean_names', Clean_Colum_Names()),
                ('feature_select', 'passthrough'), ('fix_multi', 'passthrough'),
                ('dfs', 'passthrough'), ('pca', 'passthrough')],
         verbose=False)
2022-01-10 16:38:00,820:INFO:setup() succesfully completed......................................
2022-01-10 16:38:00,877:INFO:Initializing create_model()
2022-01-10 16:38:00,877:INFO:create_model(estimator=lightgbm, fold=None, round=4, cross_validation=True, predict=True, fit_kwargs=None, groups=None, refit=True, verbose=True, system=True, metrics=None, display=None, kwargs={})
2022-01-10 16:38:00,877:INFO:Checking exceptions
2022-01-10 16:38:00,878:INFO:Preparing display monitor
2022-01-10 16:38:00,887:INFO:Importing libraries
2022-01-10 16:38:00,887:INFO:Copying training dataset
2022-01-10 16:38:00,891:INFO:Defining folds
2022-01-10 16:38:00,891:INFO:Declaring metric variables
2022-01-10 16:38:00,895:INFO:Importing untrained model
2022-01-10 16:38:00,899:INFO:Light Gradient Boosting Machine Imported succesfully
2022-01-10 16:38:00,907:INFO:Starting cross validation
2022-01-10 16:38:00,907:INFO:Cross validating with KFold(n_splits=10, random_state=None, shuffle=False), n_jobs=-1
2022-01-10 16:38:04,284:INFO:Calculating mean and std
2022-01-10 16:38:04,285:INFO:Creating metrics dataframe
2022-01-10 16:38:04,291:INFO:Finalizing model
2022-01-10 16:38:04,541:INFO:Uploading results into container
2022-01-10 16:38:04,542:INFO:Uploading model into container now
2022-01-10 16:38:04,550:INFO:create_model_container: 1
2022-01-10 16:38:04,550:INFO:master_model_container: 1
2022-01-10 16:38:04,550:INFO:display_container: 2
2022-01-10 16:38:04,551:INFO:LGBMRegressor(boosting_type='gbdt', class_weight=None, colsample_bytree=1.0,
              importance_type='split', learning_rate=0.1, max_depth=-1,
              min_child_samples=20, min_child_weight=0.001, min_split_gain=0.0,
              n_estimators=100, n_jobs=-1, num_leaves=31, objective=None,
              random_state=123, reg_alpha=0.0, reg_lambda=0.0, silent=True,
              subsample=1.0, subsample_for_bin=200000, subsample_freq=0)
2022-01-10 16:38:04,551:INFO:create_model() succesfully completed......................................
2022-01-10 16:38:15,592:INFO:PyCaret Supervised Module
2022-01-10 16:38:15,592:INFO:ML Usecase: regression
2022-01-10 16:38:15,592:INFO:version 2.3.3
2022-01-10 16:38:15,592:INFO:Initializing setup()
2022-01-10 16:38:15,592:INFO:setup(target=Lmt, ml_usecase=regression, available_plots={'parameter': 'Hyperparameters', 'residuals': 'Residuals', 'error': 'Prediction Error', 'cooks': 'Cooks Distance', 'rfe': 'Feature Selection', 'learning': 'Learning Curve', 'manifold': 'Manifold Learning', 'vc': 'Validation Curve', 'feature': 'Feature Importance', 'feature_all': 'Feature Importance (All)', 'tree': 'Decision Tree', 'residuals_interactive': 'Interactive Residuals'}, train_size=0.7, test_data=None, preprocess=True, imputation_type=simple, iterative_imputation_iters=5, categorical_features=None, categorical_imputation=constant, categorical_iterative_imputer=lightgbm, ordinal_features=None, high_cardinality_features=None, high_cardinality_method=frequency, numeric_features=None, numeric_imputation=mean, numeric_iterative_imputer=lightgbm, date_features=None, ignore_features=None, normalize=False, normalize_method=zscore, transformation=False, transformation_method=yeo-johnson, handle_unknown_categorical=True, unknown_categorical_method=least_frequent, pca=False, pca_method=linear, pca_components=None, ignore_low_variance=False, combine_rare_levels=False, rare_level_threshold=0.1, bin_numeric_features=None, remove_outliers=False, outliers_threshold=0.05, remove_multicollinearity=False, multicollinearity_threshold=0.9, remove_perfect_collinearity=False, create_clusters=False, cluster_iter=20, polynomial_features=False, polynomial_degree=2, trigonometry_features=False, polynomial_threshold=0.1, group_features=None, group_names=None, feature_selection=False, feature_selection_threshold=0.8, feature_selection_method=classic, feature_interaction=False, feature_ratio=False, interaction_threshold=0.01, fix_imbalance=False, fix_imbalance_method=None, transform_target=False, transform_target_method=box-cox, data_split_shuffle=True, data_split_stratify=False, fold_strategy=kfold, fold=10, fold_shuffle=False, fold_groups=None, n_jobs=-1, use_gpu=False, custom_pipeline=None, html=True, session_id=123, log_experiment=False, experiment_name=None, log_plots=False, log_profile=False, log_data=False, silent=True, verbose=True, profile=False, profile_kwargs=None, display=None)
2022-01-10 16:38:15,592:INFO:Checking environment
2022-01-10 16:38:15,592:INFO:python_version: 3.8.8
2022-01-10 16:38:15,592:INFO:python_build: ('default', 'Apr 13 2021 15:08:03')
2022-01-10 16:38:15,592:INFO:machine: AMD64
2022-01-10 16:38:15,592:INFO:platform: Windows-10-10.0.19041-SP0
2022-01-10 16:38:15,594:WARNING:cannot find psutil installation. memory not traceable. Install psutil using pip to enable memory logging.
2022-01-10 16:38:15,594:INFO:Checking libraries
2022-01-10 16:38:15,594:INFO:pd==1.3.1
2022-01-10 16:38:15,594:INFO:numpy==1.20.3
2022-01-10 16:38:15,594:INFO:sklearn==0.23.2
2022-01-10 16:38:15,594:INFO:lightgbm==3.2.1
2022-01-10 16:38:15,595:WARNING:catboost not found
2022-01-10 16:38:15,596:WARNING:xgboost not found
2022-01-10 16:38:15,596:INFO:mlflow==1.19.0
2022-01-10 16:38:15,596:INFO:Checking Exceptions
2022-01-10 16:38:15,596:INFO:Declaring global variables
2022-01-10 16:38:15,596:INFO:USI: d377
2022-01-10 16:38:15,596:INFO:pycaret_globals: {'iterative_imputation_iters_param', 'n_jobs_param', 'imputation_regressor', 'html_param', 'fold_generator', '_all_models', 'y', 'seed', 'X_train', '_available_plots', 'logging_param', 'prep_pipe', 'transform_target_param', 'master_model_container', 'exp_name_log', '_all_models_internal', '_internal_pipeline', 'X', '_gpu_n_jobs_param', 'X_test', 'fold_groups_param', 'stratify_param', 'display_container', '_ml_usecase', 'create_model_container', 'pycaret_globals', 'imputation_classifier', '_all_metrics', 'fold_shuffle_param', 'log_plots_param', 'gpu_param', 'y_test', 'fold_param', 'USI', 'fold_groups_param_full', 'target_param', 'fix_imbalance_method_param', 'transform_target_method_param', 'fix_imbalance_param', 'experiment__', 'y_train', 'data_before_preprocess'}
2022-01-10 16:38:15,596:INFO:Preparing display monitor
2022-01-10 16:38:15,596:INFO:Preparing display monitor
2022-01-10 16:38:15,603:INFO:Importing libraries
2022-01-10 16:38:15,603:INFO:Copying data for preprocessing
2022-01-10 16:38:15,609:INFO:Declaring preprocessing parameters
2022-01-10 16:38:15,614:INFO:Creating preprocessing pipeline
2022-01-10 16:38:15,706:INFO:Preprocessing pipeline created successfully
2022-01-10 16:38:15,707:ERROR:(Process Exit): setup has been interupted with user command 'quit'. setup must rerun.
2022-01-10 16:38:15,707:INFO:Creating global containers
2022-01-10 16:38:15,707:INFO:Internal pipeline: Pipeline(memory=None, steps=[('empty_step', 'passthrough')], verbose=False)
2022-01-10 16:38:17,271:WARNING:Couldn't import xgboost.XGBRegressor
2022-01-10 16:38:17,272:WARNING:Couldn't import catboost.CatBoostRegressor
2022-01-10 16:38:17,345:WARNING:Couldn't import xgboost.XGBRegressor
2022-01-10 16:38:17,346:WARNING:Couldn't import catboost.CatBoostRegressor
2022-01-10 16:38:17,346:INFO:Creating grid variables
2022-01-10 16:38:17,354:INFO:create_model_container: 0
2022-01-10 16:38:17,354:INFO:master_model_container: 0
2022-01-10 16:38:17,354:INFO:display_container: 1
2022-01-10 16:38:17,357:INFO:Pipeline(memory=None,
         steps=[('dtypes',
                 DataTypes_Auto_infer(categorical_features=[],
                                      display_types=False, features_todrop=[],
                                      id_columns=[], ml_usecase='regression',
                                      numerical_features=[], target='Lmt',
                                      time_features=[])),
                ('imputer',
                 Simple_Imputer(categorical_strategy='not_available',
                                fill_value_categorical=None,
                                fill_value_numerical=None,
                                numeric_strategy='m...
                ('scaling', 'passthrough'), ('P_transform', 'passthrough'),
                ('binn', 'passthrough'), ('rem_outliers', 'passthrough'),
                ('cluster_all', 'passthrough'),
                ('dummy', Dummify(target='Lmt')),
                ('fix_perfect', 'passthrough'),
                ('clean_names', Clean_Colum_Names()),
                ('feature_select', 'passthrough'), ('fix_multi', 'passthrough'),
                ('dfs', 'passthrough'), ('pca', 'passthrough')],
         verbose=False)
2022-01-10 16:38:17,357:INFO:setup() succesfully completed......................................
2022-01-10 16:38:17,415:INFO:Initializing create_model()
2022-01-10 16:38:17,415:INFO:create_model(estimator=lightgbm, fold=None, round=4, cross_validation=True, predict=True, fit_kwargs=None, groups=None, refit=True, verbose=True, system=True, metrics=None, display=None, kwargs={})
2022-01-10 16:38:17,415:INFO:Checking exceptions
2022-01-10 16:38:17,415:INFO:Preparing display monitor
2022-01-10 16:38:17,425:INFO:Importing libraries
2022-01-10 16:38:17,425:INFO:Copying training dataset
2022-01-10 16:38:17,428:INFO:Defining folds
2022-01-10 16:38:17,428:INFO:Declaring metric variables
2022-01-10 16:38:17,433:INFO:Importing untrained model
2022-01-10 16:38:17,437:INFO:Light Gradient Boosting Machine Imported succesfully
2022-01-10 16:38:17,445:INFO:Starting cross validation
2022-01-10 16:38:17,445:INFO:Cross validating with KFold(n_splits=10, random_state=None, shuffle=False), n_jobs=-1
2022-01-10 16:38:20,032:INFO:Calculating mean and std
2022-01-10 16:38:20,033:INFO:Creating metrics dataframe
2022-01-10 16:38:20,039:INFO:Finalizing model
2022-01-10 16:38:20,335:INFO:Uploading results into container
2022-01-10 16:38:20,335:INFO:Uploading model into container now
2022-01-10 16:38:20,344:INFO:create_model_container: 1
2022-01-10 16:38:20,344:INFO:master_model_container: 1
2022-01-10 16:38:20,344:INFO:display_container: 2
2022-01-10 16:38:20,345:INFO:LGBMRegressor(boosting_type='gbdt', class_weight=None, colsample_bytree=1.0,
              importance_type='split', learning_rate=0.1, max_depth=-1,
              min_child_samples=20, min_child_weight=0.001, min_split_gain=0.0,
              n_estimators=100, n_jobs=-1, num_leaves=31, objective=None,
              random_state=123, reg_alpha=0.0, reg_lambda=0.0, silent=True,
              subsample=1.0, subsample_for_bin=200000, subsample_freq=0)
2022-01-10 16:38:20,345:INFO:create_model() succesfully completed......................................
2022-01-10 16:38:28,532:INFO:PyCaret Supervised Module
2022-01-10 16:38:28,532:INFO:ML Usecase: regression
2022-01-10 16:38:28,532:INFO:version 2.3.3
2022-01-10 16:38:28,532:INFO:Initializing setup()
2022-01-10 16:38:28,532:INFO:setup(target=Lmt, ml_usecase=regression, available_plots={'parameter': 'Hyperparameters', 'residuals': 'Residuals', 'error': 'Prediction Error', 'cooks': 'Cooks Distance', 'rfe': 'Feature Selection', 'learning': 'Learning Curve', 'manifold': 'Manifold Learning', 'vc': 'Validation Curve', 'feature': 'Feature Importance', 'feature_all': 'Feature Importance (All)', 'tree': 'Decision Tree', 'residuals_interactive': 'Interactive Residuals'}, train_size=0.7, test_data=None, preprocess=True, imputation_type=simple, iterative_imputation_iters=5, categorical_features=None, categorical_imputation=constant, categorical_iterative_imputer=lightgbm, ordinal_features=None, high_cardinality_features=None, high_cardinality_method=frequency, numeric_features=None, numeric_imputation=mean, numeric_iterative_imputer=lightgbm, date_features=None, ignore_features=None, normalize=False, normalize_method=zscore, transformation=False, transformation_method=yeo-johnson, handle_unknown_categorical=True, unknown_categorical_method=least_frequent, pca=False, pca_method=linear, pca_components=None, ignore_low_variance=False, combine_rare_levels=False, rare_level_threshold=0.1, bin_numeric_features=None, remove_outliers=False, outliers_threshold=0.05, remove_multicollinearity=False, multicollinearity_threshold=0.9, remove_perfect_collinearity=False, create_clusters=False, cluster_iter=20, polynomial_features=False, polynomial_degree=2, trigonometry_features=False, polynomial_threshold=0.1, group_features=None, group_names=None, feature_selection=False, feature_selection_threshold=0.8, feature_selection_method=classic, feature_interaction=False, feature_ratio=False, interaction_threshold=0.01, fix_imbalance=False, fix_imbalance_method=None, transform_target=False, transform_target_method=box-cox, data_split_shuffle=True, data_split_stratify=False, fold_strategy=kfold, fold=10, fold_shuffle=False, fold_groups=None, n_jobs=-1, use_gpu=False, custom_pipeline=None, html=True, session_id=123, log_experiment=False, experiment_name=None, log_plots=False, log_profile=False, log_data=False, silent=True, verbose=True, profile=False, profile_kwargs=None, display=None)
2022-01-10 16:38:28,532:INFO:Checking environment
2022-01-10 16:38:28,532:INFO:python_version: 3.8.8
2022-01-10 16:38:28,532:INFO:python_build: ('default', 'Apr 13 2021 15:08:03')
2022-01-10 16:38:28,532:INFO:machine: AMD64
2022-01-10 16:38:28,532:INFO:platform: Windows-10-10.0.19041-SP0
2022-01-10 16:38:28,534:WARNING:cannot find psutil installation. memory not traceable. Install psutil using pip to enable memory logging.
2022-01-10 16:38:28,534:INFO:Checking libraries
2022-01-10 16:38:28,534:INFO:pd==1.3.1
2022-01-10 16:38:28,534:INFO:numpy==1.20.3
2022-01-10 16:38:28,534:INFO:sklearn==0.23.2
2022-01-10 16:38:28,534:INFO:lightgbm==3.2.1
2022-01-10 16:38:28,535:WARNING:catboost not found
2022-01-10 16:38:28,535:WARNING:xgboost not found
2022-01-10 16:38:28,536:INFO:mlflow==1.19.0
2022-01-10 16:38:28,536:INFO:Checking Exceptions
2022-01-10 16:38:28,536:INFO:Declaring global variables
2022-01-10 16:38:28,536:INFO:USI: 8634
2022-01-10 16:38:28,536:INFO:pycaret_globals: {'iterative_imputation_iters_param', 'n_jobs_param', 'imputation_regressor', 'html_param', 'fold_generator', '_all_models', 'y', 'seed', 'X_train', '_available_plots', 'logging_param', 'prep_pipe', 'transform_target_param', 'master_model_container', 'exp_name_log', '_all_models_internal', '_internal_pipeline', 'X', '_gpu_n_jobs_param', 'X_test', 'fold_groups_param', 'stratify_param', 'display_container', '_ml_usecase', 'create_model_container', 'pycaret_globals', 'imputation_classifier', '_all_metrics', 'fold_shuffle_param', 'log_plots_param', 'gpu_param', 'y_test', 'fold_param', 'USI', 'fold_groups_param_full', 'target_param', 'fix_imbalance_method_param', 'transform_target_method_param', 'fix_imbalance_param', 'experiment__', 'y_train', 'data_before_preprocess'}
2022-01-10 16:38:28,536:INFO:Preparing display monitor
2022-01-10 16:38:28,536:INFO:Preparing display monitor
2022-01-10 16:38:28,542:INFO:Importing libraries
2022-01-10 16:38:28,543:INFO:Copying data for preprocessing
2022-01-10 16:38:28,548:INFO:Declaring preprocessing parameters
2022-01-10 16:38:28,552:INFO:Creating preprocessing pipeline
2022-01-10 16:38:28,642:INFO:Preprocessing pipeline created successfully
2022-01-10 16:38:28,642:ERROR:(Process Exit): setup has been interupted with user command 'quit'. setup must rerun.
2022-01-10 16:38:28,642:INFO:Creating global containers
2022-01-10 16:38:28,643:INFO:Internal pipeline: Pipeline(memory=None, steps=[('empty_step', 'passthrough')], verbose=False)
2022-01-10 16:38:30,186:WARNING:Couldn't import xgboost.XGBRegressor
2022-01-10 16:38:30,187:WARNING:Couldn't import catboost.CatBoostRegressor
2022-01-10 16:38:30,259:WARNING:Couldn't import xgboost.XGBRegressor
2022-01-10 16:38:30,260:WARNING:Couldn't import catboost.CatBoostRegressor
2022-01-10 16:38:30,260:INFO:Creating grid variables
2022-01-10 16:38:30,268:INFO:create_model_container: 0
2022-01-10 16:38:30,268:INFO:master_model_container: 0
2022-01-10 16:38:30,268:INFO:display_container: 1
2022-01-10 16:38:30,271:INFO:Pipeline(memory=None,
         steps=[('dtypes',
                 DataTypes_Auto_infer(categorical_features=[],
                                      display_types=False, features_todrop=[],
                                      id_columns=[], ml_usecase='regression',
                                      numerical_features=[], target='Lmt',
                                      time_features=[])),
                ('imputer',
                 Simple_Imputer(categorical_strategy='not_available',
                                fill_value_categorical=None,
                                fill_value_numerical=None,
                                numeric_strategy='m...
                ('scaling', 'passthrough'), ('P_transform', 'passthrough'),
                ('binn', 'passthrough'), ('rem_outliers', 'passthrough'),
                ('cluster_all', 'passthrough'),
                ('dummy', Dummify(target='Lmt')),
                ('fix_perfect', 'passthrough'),
                ('clean_names', Clean_Colum_Names()),
                ('feature_select', 'passthrough'), ('fix_multi', 'passthrough'),
                ('dfs', 'passthrough'), ('pca', 'passthrough')],
         verbose=False)
2022-01-10 16:38:30,271:INFO:setup() succesfully completed......................................
2022-01-10 16:38:30,329:INFO:Initializing create_model()
2022-01-10 16:38:30,329:INFO:create_model(estimator=lightgbm, fold=None, round=4, cross_validation=True, predict=True, fit_kwargs=None, groups=None, refit=True, verbose=True, system=True, metrics=None, display=None, kwargs={})
2022-01-10 16:38:30,329:INFO:Checking exceptions
2022-01-10 16:38:30,329:INFO:Preparing display monitor
2022-01-10 16:38:30,338:INFO:Importing libraries
2022-01-10 16:38:30,338:INFO:Copying training dataset
2022-01-10 16:38:30,342:INFO:Defining folds
2022-01-10 16:38:30,342:INFO:Declaring metric variables
2022-01-10 16:38:30,346:INFO:Importing untrained model
2022-01-10 16:38:30,351:INFO:Light Gradient Boosting Machine Imported succesfully
2022-01-10 16:38:30,358:INFO:Starting cross validation
2022-01-10 16:38:30,358:INFO:Cross validating with KFold(n_splits=10, random_state=None, shuffle=False), n_jobs=-1
2022-01-10 16:38:31,336:INFO:Calculating mean and std
2022-01-10 16:38:31,337:INFO:Creating metrics dataframe
2022-01-10 16:38:31,343:INFO:Finalizing model
2022-01-10 16:38:31,650:INFO:Uploading results into container
2022-01-10 16:38:31,651:INFO:Uploading model into container now
2022-01-10 16:38:31,660:INFO:create_model_container: 1
2022-01-10 16:38:31,660:INFO:master_model_container: 1
2022-01-10 16:38:31,660:INFO:display_container: 2
2022-01-10 16:38:31,660:INFO:LGBMRegressor(boosting_type='gbdt', class_weight=None, colsample_bytree=1.0,
              importance_type='split', learning_rate=0.1, max_depth=-1,
              min_child_samples=20, min_child_weight=0.001, min_split_gain=0.0,
              n_estimators=100, n_jobs=-1, num_leaves=31, objective=None,
              random_state=123, reg_alpha=0.0, reg_lambda=0.0, silent=True,
              subsample=1.0, subsample_for_bin=200000, subsample_freq=0)
2022-01-10 16:38:31,660:INFO:create_model() succesfully completed......................................
2022-01-10 20:09:50,107:INFO:PyCaret Supervised Module
2022-01-10 20:09:50,108:INFO:ML Usecase: regression
2022-01-10 20:09:50,108:INFO:version 2.3.3
2022-01-10 20:09:50,108:INFO:Initializing setup()
2022-01-10 20:09:50,108:INFO:setup(target=Lmt, ml_usecase=regression, available_plots={'parameter': 'Hyperparameters', 'residuals': 'Residuals', 'error': 'Prediction Error', 'cooks': 'Cooks Distance', 'rfe': 'Feature Selection', 'learning': 'Learning Curve', 'manifold': 'Manifold Learning', 'vc': 'Validation Curve', 'feature': 'Feature Importance', 'feature_all': 'Feature Importance (All)', 'tree': 'Decision Tree', 'residuals_interactive': 'Interactive Residuals'}, train_size=0.7, test_data=None, preprocess=True, imputation_type=simple, iterative_imputation_iters=5, categorical_features=None, categorical_imputation=constant, categorical_iterative_imputer=lightgbm, ordinal_features=None, high_cardinality_features=None, high_cardinality_method=frequency, numeric_features=None, numeric_imputation=mean, numeric_iterative_imputer=lightgbm, date_features=None, ignore_features=None, normalize=False, normalize_method=zscore, transformation=False, transformation_method=yeo-johnson, handle_unknown_categorical=True, unknown_categorical_method=least_frequent, pca=False, pca_method=linear, pca_components=None, ignore_low_variance=False, combine_rare_levels=False, rare_level_threshold=0.1, bin_numeric_features=None, remove_outliers=False, outliers_threshold=0.05, remove_multicollinearity=False, multicollinearity_threshold=0.9, remove_perfect_collinearity=False, create_clusters=False, cluster_iter=20, polynomial_features=False, polynomial_degree=2, trigonometry_features=False, polynomial_threshold=0.1, group_features=None, group_names=None, feature_selection=False, feature_selection_threshold=0.8, feature_selection_method=classic, feature_interaction=False, feature_ratio=False, interaction_threshold=0.01, fix_imbalance=False, fix_imbalance_method=None, transform_target=False, transform_target_method=box-cox, data_split_shuffle=True, data_split_stratify=False, fold_strategy=kfold, fold=10, fold_shuffle=False, fold_groups=None, n_jobs=-1, use_gpu=False, custom_pipeline=None, html=True, session_id=123, log_experiment=False, experiment_name=None, log_plots=False, log_profile=False, log_data=False, silent=True, verbose=True, profile=False, profile_kwargs=None, display=None)
2022-01-10 20:09:50,108:INFO:Checking environment
2022-01-10 20:09:50,108:INFO:python_version: 3.8.8
2022-01-10 20:09:50,109:INFO:python_build: ('default', 'Apr 13 2021 15:08:03')
2022-01-10 20:09:50,109:INFO:machine: AMD64
2022-01-10 20:09:50,109:INFO:platform: Windows-10-10.0.19041-SP0
2022-01-10 20:09:50,110:WARNING:cannot find psutil installation. memory not traceable. Install psutil using pip to enable memory logging.
2022-01-10 20:09:50,110:INFO:Checking libraries
2022-01-10 20:09:50,110:INFO:pd==1.3.1
2022-01-10 20:09:50,111:INFO:numpy==1.20.3
2022-01-10 20:09:50,111:INFO:sklearn==0.23.2
2022-01-10 20:09:50,111:INFO:lightgbm==3.2.1
2022-01-10 20:09:50,112:WARNING:catboost not found
2022-01-10 20:09:50,113:WARNING:xgboost not found
2022-01-10 20:09:50,534:INFO:mlflow==1.19.0
2022-01-10 20:09:50,534:INFO:Checking Exceptions
2022-01-10 20:09:50,534:INFO:Declaring global variables
2022-01-10 20:09:50,535:INFO:USI: 0bad
2022-01-10 20:09:50,535:INFO:pycaret_globals: {'y', 'transform_target_method_param', 'fold_param', 'master_model_container', 'seed', 'fold_groups_param', 'fix_imbalance_param', 'stratify_param', '_all_models', 'y_train', 'pycaret_globals', 'X_train', 'prep_pipe', 'X_test', 'experiment__', 'transform_target_param', 'log_plots_param', 'fold_shuffle_param', 'target_param', 'imputation_regressor', 'data_before_preprocess', 'display_container', 'X', '_all_models_internal', '_available_plots', 'fold_generator', 'exp_name_log', 'imputation_classifier', 'fold_groups_param_full', 'y_test', 'USI', 'logging_param', 'html_param', '_internal_pipeline', '_gpu_n_jobs_param', 'iterative_imputation_iters_param', 'n_jobs_param', 'fix_imbalance_method_param', 'create_model_container', 'gpu_param', '_all_metrics', '_ml_usecase'}
2022-01-10 20:09:50,535:INFO:Preparing display monitor
2022-01-10 20:09:50,535:INFO:Preparing display monitor
2022-01-10 20:09:50,542:INFO:Importing libraries
2022-01-10 20:09:50,542:INFO:Copying data for preprocessing
2022-01-10 20:09:50,548:INFO:Declaring preprocessing parameters
2022-01-10 20:09:50,552:INFO:Creating preprocessing pipeline
2022-01-10 20:09:50,643:INFO:Preprocessing pipeline created successfully
2022-01-10 20:09:50,643:ERROR:(Process Exit): setup has been interupted with user command 'quit'. setup must rerun.
2022-01-10 20:09:50,643:INFO:Creating global containers
2022-01-10 20:09:50,645:INFO:Internal pipeline: Pipeline(memory=None, steps=[('empty_step', 'passthrough')], verbose=False)
2022-01-10 20:09:52,177:WARNING:Couldn't import xgboost.XGBRegressor
2022-01-10 20:09:52,178:WARNING:Couldn't import catboost.CatBoostRegressor
2022-01-10 20:09:52,249:WARNING:Couldn't import xgboost.XGBRegressor
2022-01-10 20:09:52,250:WARNING:Couldn't import catboost.CatBoostRegressor
2022-01-10 20:09:52,251:INFO:Creating grid variables
2022-01-10 20:09:52,259:INFO:create_model_container: 0
2022-01-10 20:09:52,259:INFO:master_model_container: 0
2022-01-10 20:09:52,259:INFO:display_container: 1
2022-01-10 20:09:52,262:INFO:Pipeline(memory=None,
         steps=[('dtypes',
                 DataTypes_Auto_infer(categorical_features=[],
                                      display_types=False, features_todrop=[],
                                      id_columns=[], ml_usecase='regression',
                                      numerical_features=[], target='Lmt',
                                      time_features=[])),
                ('imputer',
                 Simple_Imputer(categorical_strategy='not_available',
                                fill_value_categorical=None,
                                fill_value_numerical=None,
                                numeric_strategy='m...
                ('scaling', 'passthrough'), ('P_transform', 'passthrough'),
                ('binn', 'passthrough'), ('rem_outliers', 'passthrough'),
                ('cluster_all', 'passthrough'),
                ('dummy', Dummify(target='Lmt')),
                ('fix_perfect', 'passthrough'),
                ('clean_names', Clean_Colum_Names()),
                ('feature_select', 'passthrough'), ('fix_multi', 'passthrough'),
                ('dfs', 'passthrough'), ('pca', 'passthrough')],
         verbose=False)
2022-01-10 20:09:52,262:INFO:setup() succesfully completed......................................
2022-01-10 20:09:52,319:INFO:Initializing create_model()
2022-01-10 20:09:52,319:INFO:create_model(estimator=lightgbm, fold=None, round=4, cross_validation=True, predict=True, fit_kwargs=None, groups=None, refit=True, verbose=True, system=True, metrics=None, display=None, kwargs={})
2022-01-10 20:09:52,319:INFO:Checking exceptions
2022-01-10 20:09:52,319:INFO:Preparing display monitor
2022-01-10 20:09:52,329:INFO:Importing libraries
2022-01-10 20:09:52,329:INFO:Copying training dataset
2022-01-10 20:09:52,333:INFO:Defining folds
2022-01-10 20:09:52,333:INFO:Declaring metric variables
2022-01-10 20:09:52,337:INFO:Importing untrained model
2022-01-10 20:09:52,342:INFO:Light Gradient Boosting Machine Imported succesfully
2022-01-10 20:09:52,350:INFO:Starting cross validation
2022-01-10 20:09:52,355:INFO:Cross validating with KFold(n_splits=10, random_state=None, shuffle=False), n_jobs=-1
2022-01-10 20:09:56,431:INFO:Calculating mean and std
2022-01-10 20:09:56,432:INFO:Creating metrics dataframe
2022-01-10 20:09:56,439:INFO:Finalizing model
2022-01-10 20:09:56,705:INFO:Uploading results into container
2022-01-10 20:09:56,706:INFO:Uploading model into container now
2022-01-10 20:09:56,716:INFO:create_model_container: 1
2022-01-10 20:09:56,716:INFO:master_model_container: 1
2022-01-10 20:09:56,717:INFO:display_container: 2
2022-01-10 20:09:56,717:INFO:LGBMRegressor(boosting_type='gbdt', class_weight=None, colsample_bytree=1.0,
              importance_type='split', learning_rate=0.1, max_depth=-1,
              min_child_samples=20, min_child_weight=0.001, min_split_gain=0.0,
              n_estimators=100, n_jobs=-1, num_leaves=31, objective=None,
              random_state=123, reg_alpha=0.0, reg_lambda=0.0, silent=True,
              subsample=1.0, subsample_for_bin=200000, subsample_freq=0)
2022-01-10 20:09:56,718:INFO:create_model() succesfully completed......................................
2022-01-10 20:46:26,530:INFO:PyCaret Supervised Module
2022-01-10 20:46:26,531:INFO:ML Usecase: regression
2022-01-10 20:46:26,531:INFO:version 2.3.3
2022-01-10 20:46:26,531:INFO:Initializing setup()
2022-01-10 20:46:26,531:INFO:setup(target=Lmt, ml_usecase=regression, available_plots={'parameter': 'Hyperparameters', 'residuals': 'Residuals', 'error': 'Prediction Error', 'cooks': 'Cooks Distance', 'rfe': 'Feature Selection', 'learning': 'Learning Curve', 'manifold': 'Manifold Learning', 'vc': 'Validation Curve', 'feature': 'Feature Importance', 'feature_all': 'Feature Importance (All)', 'tree': 'Decision Tree', 'residuals_interactive': 'Interactive Residuals'}, train_size=0.7, test_data=None, preprocess=True, imputation_type=simple, iterative_imputation_iters=5, categorical_features=None, categorical_imputation=constant, categorical_iterative_imputer=lightgbm, ordinal_features=None, high_cardinality_features=None, high_cardinality_method=frequency, numeric_features=None, numeric_imputation=mean, numeric_iterative_imputer=lightgbm, date_features=None, ignore_features=None, normalize=False, normalize_method=zscore, transformation=False, transformation_method=yeo-johnson, handle_unknown_categorical=True, unknown_categorical_method=least_frequent, pca=False, pca_method=linear, pca_components=None, ignore_low_variance=False, combine_rare_levels=False, rare_level_threshold=0.1, bin_numeric_features=None, remove_outliers=False, outliers_threshold=0.05, remove_multicollinearity=False, multicollinearity_threshold=0.9, remove_perfect_collinearity=False, create_clusters=False, cluster_iter=20, polynomial_features=False, polynomial_degree=2, trigonometry_features=False, polynomial_threshold=0.1, group_features=None, group_names=None, feature_selection=False, feature_selection_threshold=0.8, feature_selection_method=classic, feature_interaction=False, feature_ratio=False, interaction_threshold=0.01, fix_imbalance=False, fix_imbalance_method=None, transform_target=False, transform_target_method=box-cox, data_split_shuffle=True, data_split_stratify=False, fold_strategy=kfold, fold=10, fold_shuffle=False, fold_groups=None, n_jobs=-1, use_gpu=False, custom_pipeline=None, html=True, session_id=123, log_experiment=False, experiment_name=None, log_plots=False, log_profile=False, log_data=False, silent=True, verbose=True, profile=False, profile_kwargs=None, display=None)
2022-01-10 20:46:26,531:INFO:Checking environment
2022-01-10 20:46:26,531:INFO:python_version: 3.8.8
2022-01-10 20:46:26,531:INFO:python_build: ('default', 'Apr 13 2021 15:08:03')
2022-01-10 20:46:26,532:INFO:machine: AMD64
2022-01-10 20:46:26,532:INFO:platform: Windows-10-10.0.19041-SP0
2022-01-10 20:46:26,533:WARNING:cannot find psutil installation. memory not traceable. Install psutil using pip to enable memory logging.
2022-01-10 20:46:26,533:INFO:Checking libraries
2022-01-10 20:46:26,533:INFO:pd==1.3.1
2022-01-10 20:46:26,534:INFO:numpy==1.20.3
2022-01-10 20:46:26,534:INFO:sklearn==0.23.2
2022-01-10 20:46:26,534:INFO:lightgbm==3.2.1
2022-01-10 20:46:26,535:WARNING:catboost not found
2022-01-10 20:46:26,536:WARNING:xgboost not found
2022-01-10 20:46:26,874:INFO:mlflow==1.19.0
2022-01-10 20:46:26,874:INFO:Checking Exceptions
2022-01-10 20:46:26,874:INFO:Declaring global variables
2022-01-10 20:46:26,875:INFO:USI: bf70
2022-01-10 20:46:26,875:INFO:pycaret_globals: {'fix_imbalance_method_param', 'fold_generator', 'exp_name_log', 'imputation_classifier', 'logging_param', '_internal_pipeline', 'imputation_regressor', 'fold_shuffle_param', 'transform_target_param', 'iterative_imputation_iters_param', 'n_jobs_param', 'y_train', 'pycaret_globals', 'seed', 'experiment__', 'log_plots_param', 'master_model_container', 'USI', 'data_before_preprocess', 'y_test', 'html_param', 'gpu_param', 'display_container', 'transform_target_method_param', 'X_train', 'create_model_container', '_all_models', 'fold_groups_param', 'fix_imbalance_param', '_gpu_n_jobs_param', '_all_models_internal', 'prep_pipe', '_ml_usecase', 'fold_param', 'target_param', 'fold_groups_param_full', '_available_plots', 'X_test', 'y', 'stratify_param', '_all_metrics', 'X'}
2022-01-10 20:46:26,875:INFO:Preparing display monitor
2022-01-10 20:46:26,875:INFO:Preparing display monitor
2022-01-10 20:46:26,882:INFO:Importing libraries
2022-01-10 20:46:26,882:INFO:Copying data for preprocessing
2022-01-10 20:46:26,888:INFO:Declaring preprocessing parameters
2022-01-10 20:46:26,893:INFO:Creating preprocessing pipeline
2022-01-10 20:46:26,985:INFO:Preprocessing pipeline created successfully
2022-01-10 20:46:26,986:ERROR:(Process Exit): setup has been interupted with user command 'quit'. setup must rerun.
2022-01-10 20:46:26,986:INFO:Creating global containers
2022-01-10 20:46:26,987:INFO:Internal pipeline: Pipeline(memory=None, steps=[('empty_step', 'passthrough')], verbose=False)
2022-01-10 20:46:28,492:WARNING:Couldn't import xgboost.XGBRegressor
2022-01-10 20:46:28,494:WARNING:Couldn't import catboost.CatBoostRegressor
2022-01-10 20:46:28,565:WARNING:Couldn't import xgboost.XGBRegressor
2022-01-10 20:46:28,566:WARNING:Couldn't import catboost.CatBoostRegressor
2022-01-10 20:46:28,566:INFO:Creating grid variables
2022-01-10 20:46:28,575:INFO:create_model_container: 0
2022-01-10 20:46:28,575:INFO:master_model_container: 0
2022-01-10 20:46:28,575:INFO:display_container: 1
2022-01-10 20:46:28,578:INFO:Pipeline(memory=None,
         steps=[('dtypes',
                 DataTypes_Auto_infer(categorical_features=[],
                                      display_types=False, features_todrop=[],
                                      id_columns=[], ml_usecase='regression',
                                      numerical_features=[], target='Lmt',
                                      time_features=[])),
                ('imputer',
                 Simple_Imputer(categorical_strategy='not_available',
                                fill_value_categorical=None,
                                fill_value_numerical=None,
                                numeric_strategy='m...
                ('scaling', 'passthrough'), ('P_transform', 'passthrough'),
                ('binn', 'passthrough'), ('rem_outliers', 'passthrough'),
                ('cluster_all', 'passthrough'),
                ('dummy', Dummify(target='Lmt')),
                ('fix_perfect', 'passthrough'),
                ('clean_names', Clean_Colum_Names()),
                ('feature_select', 'passthrough'), ('fix_multi', 'passthrough'),
                ('dfs', 'passthrough'), ('pca', 'passthrough')],
         verbose=False)
2022-01-10 20:46:28,578:INFO:setup() succesfully completed......................................
2022-01-10 20:46:28,634:INFO:Initializing create_model()
2022-01-10 20:46:28,634:INFO:create_model(estimator=lgbm, fold=None, round=4, cross_validation=True, predict=True, fit_kwargs=None, groups=None, refit=True, verbose=True, system=True, metrics=None, display=None, kwargs={})
2022-01-10 20:46:28,634:INFO:Checking exceptions
2022-01-10 20:46:37,355:INFO:PyCaret Supervised Module
2022-01-10 20:46:37,355:INFO:ML Usecase: regression
2022-01-10 20:46:37,355:INFO:version 2.3.3
2022-01-10 20:46:37,355:INFO:Initializing setup()
2022-01-10 20:46:37,355:INFO:setup(target=Lmt, ml_usecase=regression, available_plots={'parameter': 'Hyperparameters', 'residuals': 'Residuals', 'error': 'Prediction Error', 'cooks': 'Cooks Distance', 'rfe': 'Feature Selection', 'learning': 'Learning Curve', 'manifold': 'Manifold Learning', 'vc': 'Validation Curve', 'feature': 'Feature Importance', 'feature_all': 'Feature Importance (All)', 'tree': 'Decision Tree', 'residuals_interactive': 'Interactive Residuals'}, train_size=0.7, test_data=None, preprocess=True, imputation_type=simple, iterative_imputation_iters=5, categorical_features=None, categorical_imputation=constant, categorical_iterative_imputer=lightgbm, ordinal_features=None, high_cardinality_features=None, high_cardinality_method=frequency, numeric_features=None, numeric_imputation=mean, numeric_iterative_imputer=lightgbm, date_features=None, ignore_features=None, normalize=False, normalize_method=zscore, transformation=False, transformation_method=yeo-johnson, handle_unknown_categorical=True, unknown_categorical_method=least_frequent, pca=False, pca_method=linear, pca_components=None, ignore_low_variance=False, combine_rare_levels=False, rare_level_threshold=0.1, bin_numeric_features=None, remove_outliers=False, outliers_threshold=0.05, remove_multicollinearity=False, multicollinearity_threshold=0.9, remove_perfect_collinearity=False, create_clusters=False, cluster_iter=20, polynomial_features=False, polynomial_degree=2, trigonometry_features=False, polynomial_threshold=0.1, group_features=None, group_names=None, feature_selection=False, feature_selection_threshold=0.8, feature_selection_method=classic, feature_interaction=False, feature_ratio=False, interaction_threshold=0.01, fix_imbalance=False, fix_imbalance_method=None, transform_target=False, transform_target_method=box-cox, data_split_shuffle=True, data_split_stratify=False, fold_strategy=kfold, fold=10, fold_shuffle=False, fold_groups=None, n_jobs=-1, use_gpu=False, custom_pipeline=None, html=True, session_id=123, log_experiment=False, experiment_name=None, log_plots=False, log_profile=False, log_data=False, silent=True, verbose=True, profile=False, profile_kwargs=None, display=None)
2022-01-10 20:46:37,355:INFO:Checking environment
2022-01-10 20:46:37,355:INFO:python_version: 3.8.8
2022-01-10 20:46:37,355:INFO:python_build: ('default', 'Apr 13 2021 15:08:03')
2022-01-10 20:46:37,355:INFO:machine: AMD64
2022-01-10 20:46:37,355:INFO:platform: Windows-10-10.0.19041-SP0
2022-01-10 20:46:37,356:WARNING:cannot find psutil installation. memory not traceable. Install psutil using pip to enable memory logging.
2022-01-10 20:46:37,356:INFO:Checking libraries
2022-01-10 20:46:37,356:INFO:pd==1.3.1
2022-01-10 20:46:37,356:INFO:numpy==1.20.3
2022-01-10 20:46:37,356:INFO:sklearn==0.23.2
2022-01-10 20:46:37,356:INFO:lightgbm==3.2.1
2022-01-10 20:46:37,357:WARNING:catboost not found
2022-01-10 20:46:37,358:WARNING:xgboost not found
2022-01-10 20:46:37,358:INFO:mlflow==1.19.0
2022-01-10 20:46:37,358:INFO:Checking Exceptions
2022-01-10 20:46:37,358:INFO:Declaring global variables
2022-01-10 20:46:37,359:INFO:USI: bb59
2022-01-10 20:46:37,359:INFO:pycaret_globals: {'fix_imbalance_method_param', 'fold_generator', 'exp_name_log', 'imputation_classifier', 'logging_param', '_internal_pipeline', 'imputation_regressor', 'fold_shuffle_param', 'transform_target_param', 'iterative_imputation_iters_param', 'n_jobs_param', 'y_train', 'pycaret_globals', 'seed', 'experiment__', 'log_plots_param', 'master_model_container', 'USI', 'data_before_preprocess', 'y_test', 'html_param', 'gpu_param', 'display_container', 'transform_target_method_param', 'X_train', 'create_model_container', '_all_models', 'fold_groups_param', 'fix_imbalance_param', '_gpu_n_jobs_param', '_all_models_internal', 'prep_pipe', '_ml_usecase', 'fold_param', 'target_param', 'fold_groups_param_full', '_available_plots', 'X_test', 'y', 'stratify_param', '_all_metrics', 'X'}
2022-01-10 20:46:37,359:INFO:Preparing display monitor
2022-01-10 20:46:37,359:INFO:Preparing display monitor
2022-01-10 20:46:37,365:INFO:Importing libraries
2022-01-10 20:46:37,365:INFO:Copying data for preprocessing
2022-01-10 20:46:37,371:INFO:Declaring preprocessing parameters
2022-01-10 20:46:37,375:INFO:Creating preprocessing pipeline
2022-01-10 20:46:37,468:INFO:Preprocessing pipeline created successfully
2022-01-10 20:46:37,468:ERROR:(Process Exit): setup has been interupted with user command 'quit'. setup must rerun.
2022-01-10 20:46:37,468:INFO:Creating global containers
2022-01-10 20:46:37,468:INFO:Internal pipeline: Pipeline(memory=None, steps=[('empty_step', 'passthrough')], verbose=False)
2022-01-10 20:46:39,014:WARNING:Couldn't import xgboost.XGBRegressor
2022-01-10 20:46:39,015:WARNING:Couldn't import catboost.CatBoostRegressor
2022-01-10 20:46:39,088:WARNING:Couldn't import xgboost.XGBRegressor
2022-01-10 20:46:39,089:WARNING:Couldn't import catboost.CatBoostRegressor
2022-01-10 20:46:39,089:INFO:Creating grid variables
2022-01-10 20:46:39,099:INFO:create_model_container: 0
2022-01-10 20:46:39,099:INFO:master_model_container: 0
2022-01-10 20:46:39,099:INFO:display_container: 1
2022-01-10 20:46:39,102:INFO:Pipeline(memory=None,
         steps=[('dtypes',
                 DataTypes_Auto_infer(categorical_features=[],
                                      display_types=False, features_todrop=[],
                                      id_columns=[], ml_usecase='regression',
                                      numerical_features=[], target='Lmt',
                                      time_features=[])),
                ('imputer',
                 Simple_Imputer(categorical_strategy='not_available',
                                fill_value_categorical=None,
                                fill_value_numerical=None,
                                numeric_strategy='m...
                ('scaling', 'passthrough'), ('P_transform', 'passthrough'),
                ('binn', 'passthrough'), ('rem_outliers', 'passthrough'),
                ('cluster_all', 'passthrough'),
                ('dummy', Dummify(target='Lmt')),
                ('fix_perfect', 'passthrough'),
                ('clean_names', Clean_Colum_Names()),
                ('feature_select', 'passthrough'), ('fix_multi', 'passthrough'),
                ('dfs', 'passthrough'), ('pca', 'passthrough')],
         verbose=False)
2022-01-10 20:46:39,102:INFO:setup() succesfully completed......................................
2022-01-10 20:46:39,166:INFO:Initializing create_model()
2022-01-10 20:46:39,166:INFO:create_model(estimator=lightgbm, fold=None, round=4, cross_validation=True, predict=True, fit_kwargs=None, groups=None, refit=True, verbose=True, system=True, metrics=None, display=None, kwargs={})
2022-01-10 20:46:39,166:INFO:Checking exceptions
2022-01-10 20:46:39,166:INFO:Preparing display monitor
2022-01-10 20:46:39,177:INFO:Importing libraries
2022-01-10 20:46:39,177:INFO:Copying training dataset
2022-01-10 20:46:39,181:INFO:Defining folds
2022-01-10 20:46:39,181:INFO:Declaring metric variables
2022-01-10 20:46:39,185:INFO:Importing untrained model
2022-01-10 20:46:39,190:INFO:Light Gradient Boosting Machine Imported succesfully
2022-01-10 20:46:39,199:INFO:Starting cross validation
2022-01-10 20:46:39,203:INFO:Cross validating with KFold(n_splits=10, random_state=None, shuffle=False), n_jobs=-1
2022-01-10 20:46:43,364:INFO:Calculating mean and std
2022-01-10 20:46:43,365:INFO:Creating metrics dataframe
2022-01-10 20:46:43,372:INFO:Finalizing model
2022-01-10 20:46:43,618:INFO:Uploading results into container
2022-01-10 20:46:43,618:INFO:Uploading model into container now
2022-01-10 20:46:43,627:INFO:create_model_container: 1
2022-01-10 20:46:43,627:INFO:master_model_container: 1
2022-01-10 20:46:43,627:INFO:display_container: 2
2022-01-10 20:46:43,627:INFO:LGBMRegressor(boosting_type='gbdt', class_weight=None, colsample_bytree=1.0,
              importance_type='split', learning_rate=0.1, max_depth=-1,
              min_child_samples=20, min_child_weight=0.001, min_split_gain=0.0,
              n_estimators=100, n_jobs=-1, num_leaves=31, objective=None,
              random_state=123, reg_alpha=0.0, reg_lambda=0.0, silent=True,
              subsample=1.0, subsample_for_bin=200000, subsample_freq=0)
2022-01-10 20:46:43,627:INFO:create_model() succesfully completed......................................
